cl : командная строка warning D9025: переопределение "/sdl" на "/GS-"
cl : командная строка warning D9025: переопределение "/sdl" на "/GS-"
cl : командная строка warning D9025: переопределение "/sdl" на "/GS-"
  memory.cpp
  string.cpp
D:\coding\stuff\hack-lib\src\string.cpp(180,71): warning C4267: =: преобразование из "size_t" в "char"; возможна потеря данных
D:\coding\stuff\hack-lib\src\string.cpp(196,71): warning C4267: =: преобразование из "size_t" в "wchar_t"; возможна потеря данных
D:\coding\stuff\hack-lib\src\string.cpp(244,13): warning C4244: =: преобразование "double" в "long", возможна потеря данных
D:\coding\stuff\hack-lib\src\string.cpp(286,9): warning C4244: =: преобразование "double" в "char", возможна потеря данных
D:\coding\stuff\hack-lib\src\string.cpp(333,13): warning C4244: =: преобразование "double" в "long", возможна потеря данных
D:\coding\stuff\hack-lib\src\string.cpp(375,9): warning C4244: =: преобразование "double" в "wchar_t", возможна потеря данных
D:\coding\stuff\hack-lib\src\string.cpp(398,55): warning C4267: инициализация: преобразование из "size_t" в "int"; возможна потеря данных
D:\coding\stuff\hack-lib\src\string.cpp(406,3): warning C4996: 'strcat': This function or variable may be unsafe. Consider using strcat_s instead. To disable deprecation, use _CRT_SECURE_NO_WARNINGS. See online help for details.
D:\coding\stuff\hack-lib\src\string.cpp(407,3): warning C4996: 'strcat': This function or variable may be unsafe. Consider using strcat_s instead. To disable deprecation, use _CRT_SECURE_NO_WARNINGS. See online help for details.
D:\coding\stuff\hack-lib\src\string.cpp(395,7): warning C4101: meme: неиспользованная локальная переменная
D:\coding\stuff\hack-lib\src\string.cpp(425,55): warning C4267: инициализация: преобразование из "size_t" в "int"; возможна потеря данных
D:\coding\stuff\hack-lib\src\string.cpp(433,3): warning C4996: 'strcat': This function or variable may be unsafe. Consider using strcat_s instead. To disable deprecation, use _CRT_SECURE_NO_WARNINGS. See online help for details.
D:\coding\stuff\hack-lib\src\string.cpp(434,3): warning C4996: 'strcat': This function or variable may be unsafe. Consider using strcat_s instead. To disable deprecation, use _CRT_SECURE_NO_WARNINGS. See online help for details.
D:\coding\stuff\hack-lib\src\string.cpp(422,7): warning C4101: meme: неиспользованная локальная переменная
  mini_crt.vcxproj -> D:\coding\stuff\hack-lib\output\mini_crt.x64.lib
